[17:41:54] [ServerMain/ERROR]: [DirectoryProviderSource] Error loading plugin: Directory 'plugins/via.jar' failed to load!
java.lang.RuntimeException: Directory 'plugins/via.jar' failed to load!
	at io.papermc.paper.plugin.provider.source.FileProviderSource.registerProviders(FileProviderSource.java:59) ~[paper-1.20.4.jar:git-Paper-346]
	at io.papermc.paper.plugin.provider.source.DirectoryProviderSource.lambda$registerProviders$1(DirectoryProviderSource.java:34) ~[paper-1.20.4.jar:git-Paper-346]
	at java.util.stream.ForEachOps$ForEachOp$OfRef.accept(ForEachOps.java:184) ~[?:?]
	at java.util.stream.ReferencePipeline$2$1.accept(ReferencePipeline.java:179) ~[?:?]
	at java.util.stream.ReferencePipeline$3$1.accept(ReferencePipeline.java:197) ~[?:?]
	at java.util.Iterator.forEachRemaining(Iterator.java:133) ~[?:?]
	at java.util.Spliterators$IteratorSpliterator.forEachRemaining(Spliterators.java:1939) ~[?:?]
	at java.util.stream.AbstractPipeline.copyInto(AbstractPipeline.java:509) ~[?:?]
	at java.util.stream.AbstractPipeline.wrapAndCopyInto(AbstractPipeline.java:499) ~[?:?]
	at java.util.stream.ForEachOps$ForEachOp.evaluateSequential(ForEachOps.java:151) ~[?:?]
	at java.util.stream.ForEachOps$ForEachOp$OfRef.evaluateSequential(ForEachOps.java:174) ~[?:?]
	at java.util.stream.AbstractPipeline.evaluate(AbstractPipeline.java:234) ~[?:?]
	at java.util.stream.ReferencePipeline.forEach(ReferencePipeline.java:596) ~[?:?]
	at io.papermc.paper.plugin.provider.source.DirectoryProviderSource.registerProviders(DirectoryProviderSource.java:32) ~[paper-1.20.4.jar:git-Paper-346]
	at io.papermc.paper.plugin.provider.source.DirectoryProviderSource.registerProviders(DirectoryProviderSource.java:14) ~[paper-1.20.4.jar:git-Paper-346]
	at io.papermc.paper.plugin.util.EntrypointUtil.registerProvidersFromSource(EntrypointUtil.java:14) ~[paper-1.20.4.jar:git-Paper-346]
	at io.papermc.paper.plugin.PluginInitializerManager.load(PluginInitializerManager.java:100) ~[paper-1.20.4.jar:git-Paper-346]
	at net.minecraft.server.Main.main(Main.java:131) ~[paper-1.20.4.jar:git-Paper-346]
	at org.bukkit.craftbukkit.Main.main(Main.java:325) ~[paper-1.20.4.jar:git-Paper-346]
	at io.papermc.paperclip.Paperclip.lambda$main$0(Paperclip.java:42) ~[app:?]
	at java.lang.Thread.run(Thread.java:1583) ~[?:?]
Caused by: java.lang.IllegalArgumentException: Directory 'plugins/via.jar' does not contain a paper-plugin.yml or plugin.yml! Could not determine plugin type, cannot load a plugin from it!
	at io.papermc.paper.plugin.provider.source.FileProviderSource.registerProviders(FileProviderSource.java:54) ~[paper-1.20.4.jar:git-Paper-346]
	... 20 more
[17:42:00] [ServerMain/INFO]: Environment: Environment[sessionHost=https://sessionserver.mojang.com, servicesHost=https://api.minecraftservices.com, name=PROD]
[17:42:04] [ServerMain/INFO]: Loaded 1174 recipes
[17:42:04] [ServerMain/INFO]: Loaded 1271 advancements
[17:42:05] [Server thread/INFO]: Starting minecraft server version 1.20.4
[17:42:05] [Server thread/INFO]: Loading properties
[17:42:05] [Server thread/INFO]: This server is running Paper version git-Paper-346 (MC: 1.20.4) (Implementing API version 1.20.4-R0.1-SNAPSHOT) (Git: e035fd7)
[17:42:06] [Server thread/INFO]: Server Ping Player Sample Count: 12
[17:42:06] [Server thread/INFO]: Using 4 threads for Netty based IO
[17:42:07] [Server thread/WARN]: [!] The timings profiler has been enabled but has been scheduled for removal from Paper in the future.
    We recommend installing the spark profiler as a replacement: https://spark.lucko.me/
    For more information please visit: https://github.com/PaperMC/Paper/issues/8948
[17:42:07] [Server thread/INFO]: [ChunkTaskScheduler] Chunk system is using 1 I/O threads, 1 worker threads, and gen parallelism of 1 threads
[17:42:07] [Server thread/INFO]: Default game type: SURVIVAL
[17:42:07] [Server thread/INFO]: Generating keypair
[17:42:08] [Server thread/INFO]: Starting Minecraft server on *:25565
[17:42:08] [Server thread/INFO]: Using epoll channel type
[17:42:08] [Server thread/INFO]: Paper: Using libdeflate (Linux x86_64) compression from Velocity.
[17:42:08] [Server thread/INFO]: Paper: Using OpenSSL 1.1.x (Linux x86_64) cipher from Velocity.
[17:42:08] [Server thread/INFO]: [ViaVersion] Loading server plugin ViaVersion v4.8.1
[17:42:08] [Server thread/INFO]: [ViaVersion] ViaVersion 4.8.1 is now loaded. Registering protocol transformers and injecting...
[17:42:09] [Via-Mappingloader-0/INFO]: [ViaVersion] Loading block connection mappings ...
[17:42:10] [Server thread/INFO]: [ViaBackwards] Loading translations...
[17:42:10] [Server thread/INFO]: [ViaBackwards] Registering protocols...
[17:42:10] [Via-Mappingloader-0/INFO]: [ViaVersion] Using FastUtil Long2ObjectOpenHashMap for block connections
[17:42:10] [Server thread/INFO]: [ViaBackwards] Loading server plugin ViaBackwards v4.8.1
[17:42:10] [Server thread/INFO]: [playit-gg] Loading server plugin playit-gg v0.1.4
[17:42:10] [Server thread/INFO]: Server permissions file permissions.yml is empty, ignoring it
[17:42:10] [Server thread/WARN]: **** SERVER IS RUNNING IN OFFLINE/INSECURE MODE!
[17:42:10] [Server thread/WARN]: The server will make no attempt to authenticate usernames. Beware.
[17:42:10] [Server thread/WARN]: While this makes the game possible to play without internet access, it also opens up the ability for hackers to connect with any username they choose.
[17:42:10] [Server thread/WARN]: To change this, set "online-mode" to "true" in the server.properties file.
[17:42:10] [Server thread/INFO]: Preparing level "world"
[17:42:10] [Server thread/INFO]: -------- World Settings For [world] --------
[17:42:10] [Server thread/INFO]: Item Merge Radius: 2.5
[17:42:10] [Server thread/INFO]: Experience Merge Radius: 3.0
[17:42:10] [Server thread/INFO]: Mob Spawn Range: 6
[17:42:10] [Server thread/INFO]: Item Despawn Rate: 6000
[17:42:10] [Server thread/INFO]: View Distance: 10
[17:42:10] [Server thread/INFO]: Simulation Distance: 10
[17:42:10] [Server thread/INFO]: Zombie Aggressive Towards Villager: true
[17:42:10] [Server thread/INFO]: Allow Zombie Pigmen to spawn from portal blocks: true
[17:42:10] [Server thread/INFO]: Arrow Despawn Rate: 1200 Trident Respawn Rate:1200
[17:42:10] [Server thread/INFO]: Nerfing mobs spawned from spawners: false
[17:42:10] [Server thread/INFO]: Cactus Growth Modifier: 100%
[17:42:10] [Server thread/INFO]: Cane Growth Modifier: 100%
[17:42:10] [Server thread/INFO]: Melon Growth Modifier: 100%
[17:42:10] [Server thread/INFO]: Mushroom Growth Modifier: 100%
[17:42:10] [Server thread/INFO]: Pumpkin Growth Modifier: 100%
[17:42:10] [Server thread/INFO]: Sapling Growth Modifier: 100%
[17:42:10] [Server thread/INFO]: Beetroot Growth Modifier: 100%
[17:42:10] [Server thread/INFO]: Carrot Growth Modifier: 100%
[17:42:10] [Server thread/INFO]: Potato Growth Modifier: 100%
[17:42:10] [Server thread/INFO]: TorchFlower Growth Modifier: 100%
[17:42:10] [Server thread/INFO]: Wheat Growth Modifier: 100%
[17:42:10] [Server thread/INFO]: NetherWart Growth Modifier: 100%
[17:42:10] [Server thread/INFO]: Vine Growth Modifier: 100%
[17:42:10] [Server thread/INFO]: Cocoa Growth Modifier: 100%
[17:42:10] [Server thread/INFO]: Bamboo Growth Modifier: 100%
[17:42:10] [Server thread/INFO]: SweetBerry Growth Modifier: 100%
[17:42:10] [Server thread/INFO]: Kelp Growth Modifier: 100%
[17:42:10] [Server thread/INFO]: TwistingVines Growth Modifier: 100%
[17:42:10] [Server thread/INFO]: WeepingVines Growth Modifier: 100%
[17:42:10] [Server thread/INFO]: CaveVines Growth Modifier: 100%
[17:42:10] [Server thread/INFO]: GlowBerry Growth Modifier: 100%
[17:42:10] [Server thread/INFO]: PitcherPlant Growth Modifier: 100%
[17:42:10] [Server thread/INFO]: Entity Activation Range: An 32 / Mo 32 / Ra 48 / Mi 16 / Tiv true / Isa false
[17:42:10] [Server thread/INFO]: Entity Tracking Range: Pl 48 / An 48 / Mo 48 / Mi 32 / Di 128 / Other 64
[17:42:10] [Server thread/INFO]: Hopper Transfer: 8 Hopper Check: 1 Hopper Amount: 1 Hopper Can Load Chunks: false
[17:42:10] [Server thread/INFO]: Custom Map Seeds:  Village: 10387312 Desert: 14357617 Igloo: 14357618 Jungle: 14357619 Swamp: 14357620 Monument: 10387313 Ocean: 14357621 Shipwreck: 165745295 End City: 10387313 Slime: 987234911 Nether: 30084232 Mansion: 10387319 Fossil: 14357921 Portal: 34222645
[17:42:10] [Server thread/INFO]: Max TNT Explosions: 100
[17:42:10] [Server thread/INFO]: Tile Max Tick Time: 50ms Entity max Tick Time: 50ms
[17:42:11] [Server thread/INFO]: -------- World Settings For [world_nether] --------
[17:42:11] [Server thread/INFO]: Item Merge Radius: 2.5
[17:42:11] [Server thread/INFO]: Experience Merge Radius: 3.0
[17:42:11] [Server thread/INFO]: Mob Spawn Range: 6
[17:42:11] [Server thread/INFO]: Item Despawn Rate: 6000
[17:42:11] [Server thread/INFO]: View Distance: 10
[17:42:11] [Server thread/INFO]: Simulation Distance: 10
[17:42:11] [Server thread/INFO]: Zombie Aggressive Towards Villager: true
[17:42:11] [Server thread/INFO]: Allow Zombie Pigmen to spawn from portal blocks: true
[17:42:11] [Server thread/INFO]: Arrow Despawn Rate: 1200 Trident Respawn Rate:1200
[17:42:11] [Server thread/INFO]: Nerfing mobs spawned from spawners: false
[17:42:11] [Server thread/INFO]: Cactus Growth Modifier: 100%
[17:42:11] [Server thread/INFO]: Cane Growth Modifier: 100%
[17:42:11] [Server thread/INFO]: Melon Growth Modifier: 100%
[17:42:11] [Server thread/INFO]: Mushroom Growth Modifier: 100%
[17:42:11] [Server thread/INFO]: Pumpkin Growth Modifier: 100%
[17:42:11] [Server thread/INFO]: Sapling Growth Modifier: 100%
[17:42:11] [Server thread/INFO]: Beetroot Growth Modifier: 100%
[17:42:11] [Server thread/INFO]: Carrot Growth Modifier: 100%
[17:42:11] [Server thread/INFO]: Potato Growth Modifier: 100%
[17:42:11] [Server thread/INFO]: TorchFlower Growth Modifier: 100%
[17:42:11] [Server thread/INFO]: Wheat Growth Modifier: 100%
[17:42:11] [Server thread/INFO]: NetherWart Growth Modifier: 100%
[17:42:11] [Server thread/INFO]: Vine Growth Modifier: 100%
[17:42:11] [Server thread/INFO]: Cocoa Growth Modifier: 100%
[17:42:11] [Server thread/INFO]: Bamboo Growth Modifier: 100%
[17:42:11] [Server thread/INFO]: SweetBerry Growth Modifier: 100%
[17:42:11] [Server thread/INFO]: Kelp Growth Modifier: 100%
[17:42:11] [Server thread/INFO]: TwistingVines Growth Modifier: 100%
[17:42:11] [Server thread/INFO]: WeepingVines Growth Modifier: 100%
[17:42:11] [Server thread/INFO]: CaveVines Growth Modifier: 100%
[17:42:11] [Server thread/INFO]: GlowBerry Growth Modifier: 100%
[17:42:11] [Server thread/INFO]: PitcherPlant Growth Modifier: 100%
[17:42:11] [Server thread/INFO]: Entity Activation Range: An 32 / Mo 32 / Ra 48 / Mi 16 / Tiv true / Isa false
[17:42:11] [Server thread/INFO]: Entity Tracking Range: Pl 48 / An 48 / Mo 48 / Mi 32 / Di 128 / Other 64
[17:42:11] [Server thread/INFO]: Hopper Transfer: 8 Hopper Check: 1 Hopper Amount: 1 Hopper Can Load Chunks: false
[17:42:11] [Server thread/INFO]: Custom Map Seeds:  Village: 10387312 Desert: 14357617 Igloo: 14357618 Jungle: 14357619 Swamp: 14357620 Monument: 10387313 Ocean: 14357621 Shipwreck: 165745295 End City: 10387313 Slime: 987234911 Nether: 30084232 Mansion: 10387319 Fossil: 14357921 Portal: 34222645
[17:42:11] [Server thread/INFO]: Max TNT Explosions: 100
[17:42:11] [Server thread/INFO]: Tile Max Tick Time: 50ms Entity max Tick Time: 50ms
[17:42:11] [Server thread/INFO]: -------- World Settings For [world_the_end] --------
[17:42:11] [Server thread/INFO]: Item Merge Radius: 2.5
[17:42:11] [Server thread/INFO]: Experience Merge Radius: 3.0
[17:42:11] [Server thread/INFO]: Mob Spawn Range: 6
[17:42:11] [Server thread/INFO]: Item Despawn Rate: 6000
[17:42:11] [Server thread/INFO]: View Distance: 10
[17:42:11] [Server thread/INFO]: Simulation Distance: 10
[17:42:11] [Server thread/INFO]: Zombie Aggressive Towards Villager: true
[17:42:11] [Server thread/INFO]: Allow Zombie Pigmen to spawn from portal blocks: true
[17:42:11] [Server thread/INFO]: Arrow Despawn Rate: 1200 Trident Respawn Rate:1200
[17:42:11] [Server thread/INFO]: Nerfing mobs spawned from spawners: false
[17:42:11] [Server thread/INFO]: Cactus Growth Modifier: 100%
[17:42:11] [Server thread/INFO]: Cane Growth Modifier: 100%
[17:42:11] [Server thread/INFO]: Melon Growth Modifier: 100%
[17:42:11] [Server thread/INFO]: Mushroom Growth Modifier: 100%
[17:42:11] [Server thread/INFO]: Pumpkin Growth Modifier: 100%
[17:42:11] [Server thread/INFO]: Sapling Growth Modifier: 100%
[17:42:11] [Server thread/INFO]: Beetroot Growth Modifier: 100%
[17:42:11] [Server thread/INFO]: Carrot Growth Modifier: 100%
[17:42:11] [Server thread/INFO]: Potato Growth Modifier: 100%
[17:42:11] [Server thread/INFO]: TorchFlower Growth Modifier: 100%
[17:42:11] [Server thread/INFO]: Wheat Growth Modifier: 100%
[17:42:11] [Server thread/INFO]: NetherWart Growth Modifier: 100%
[17:42:11] [Server thread/INFO]: Vine Growth Modifier: 100%
[17:42:11] [Server thread/INFO]: Cocoa Growth Modifier: 100%
[17:42:11] [Server thread/INFO]: Bamboo Growth Modifier: 100%
[17:42:11] [Server thread/INFO]: SweetBerry Growth Modifier: 100%
[17:42:11] [Server thread/INFO]: Kelp Growth Modifier: 100%
[17:42:11] [Server thread/INFO]: TwistingVines Growth Modifier: 100%
[17:42:11] [Server thread/INFO]: WeepingVines Growth Modifier: 100%
[17:42:11] [Server thread/INFO]: CaveVines Growth Modifier: 100%
[17:42:11] [Server thread/INFO]: GlowBerry Growth Modifier: 100%
[17:42:11] [Server thread/INFO]: PitcherPlant Growth Modifier: 100%
[17:42:11] [Server thread/INFO]: Entity Activation Range: An 32 / Mo 32 / Ra 48 / Mi 16 / Tiv true / Isa false
[17:42:11] [Server thread/INFO]: Entity Tracking Range: Pl 48 / An 48 / Mo 48 / Mi 32 / Di 128 / Other 64
[17:42:11] [Server thread/INFO]: Hopper Transfer: 8 Hopper Check: 1 Hopper Amount: 1 Hopper Can Load Chunks: false
[17:42:11] [Server thread/INFO]: Custom Map Seeds:  Village: 10387312 Desert: 14357617 Igloo: 14357618 Jungle: 14357619 Swamp: 14357620 Monument: 10387313 Ocean: 14357621 Shipwreck: 165745295 End City: 10387313 Slime: 987234911 Nether: 30084232 Mansion: 10387319 Fossil: 14357921 Portal: 34222645
[17:42:11] [Server thread/INFO]: Max TNT Explosions: 100
[17:42:11] [Server thread/INFO]: Tile Max Tick Time: 50ms Entity max Tick Time: 50ms
[17:42:11] [Server thread/INFO]: Preparing start region for dimension minecraft:overworld
[17:42:11] [Server thread/INFO]: Time elapsed: 449 ms
[17:42:11] [Server thread/INFO]: Preparing start region for dimension minecraft:the_nether
[17:42:12] [Server thread/INFO]: Time elapsed: 314 ms
[17:42:12] [Server thread/INFO]: Preparing start region for dimension minecraft:the_end
[17:42:12] [Server thread/INFO]: Time elapsed: 103 ms
[17:42:12] [Server thread/INFO]: [ViaVersion] Enabling ViaVersion v4.8.1
[17:42:12] [Server thread/INFO]: [ViaVersion] ViaVersion detected server version: Unknown (765) (765)
[17:42:12] [Server thread/WARN]: [ViaVersion] ViaVersion does not have any compatible versions for this server version!
[17:42:12] [Server thread/WARN]: [ViaVersion] Please remember that ViaVersion only adds support for versions newer than the server version.
[17:42:12] [Server thread/WARN]: [ViaVersion] If you need support for older versions you may need to use one or more ViaVersion addons too.
[17:42:12] [Server thread/WARN]: [ViaVersion] In that case please read the ViaVersion resource page carefully or use https://jo0001.github.io/ViaSetup
[17:42:12] [Server thread/WARN]: [ViaVersion] and if you're still unsure, feel free to join our Discord-Server for further assistance.
[17:42:12] [Server thread/INFO]: [ViaBackwards] Enabling ViaBackwards v4.8.1
[17:42:12] [Server thread/INFO]: [playit-gg] Enabling playit-gg v0.1.4
[17:42:14] [Thread-7/INFO]: [gg.playit.minecraft.PlayitKeysSetup] secret key found, checking
[17:42:14] [Thread-7/INFO]: [gg.playit.minecraft.PlayitKeysSetup] check secret
[17:42:14] [Server thread/INFO]: Running delayed init tasks
[17:42:14] [Server thread/INFO]: Done (9.287s)! For help, type "help"
[17:42:14] [Server thread/INFO]: Timings Reset
[17:42:14] [Craft Scheduler Thread - 1 - ViaVersion/INFO]: [ViaVersion] Finished mapping loading, shutting down loader executor!
[17:42:15] [Server thread/WARN]: [ViaVersion] There is a newer plugin version available: 4.9.2, you're on: 4.8.1
[17:42:15] [Thread-7/INFO]: [gg.playit.minecraft.PlayitKeysSetup] found minecraft java tunnel: select-away.gl.joinmc.link
[17:42:15] [Thread-7/INFO]: [gg.playit.minecraft.PlayitManager] keys and tunnel setup
[17:42:15] [Thread-7/INFO]: playit.gg: WARNING:  plugin is running with a guest account
[17:42:15] [Thread-7/INFO]: playit.gg: see server console for setup URL
[17:42:16] [Thread-7/INFO]: [gg.playit.minecraft.PlayitManager] setup playit.gg account: https://playit.gg/login/guest-account/000100000000000000000005d5c7658b1078010000000002adf93f4277eb85b529bf90dc9468d43269d0994c8cebe61181300f448118c9c5
[17:42:16] [Thread-7/INFO]: playit.gg: tunnel setup
[17:42:16] [Thread-7/INFO]: playit.gg: select-away.gl.joinmc.link
[17:42:16] [Thread-7/WARN]: [gg.playit.control.ChannelSetup] Got IO error working with :control.playit.gg/2602:fbaf:840:0:0:0:0:1, error : java.net.SocketException: Network is unreachable
[17:42:16] [Thread-7/INFO]: [gg.playit.control.ChannelSetup] request queued, waiting 1 second before resend
[17:42:17] [Thread-7/INFO]: [gg.playit.control.ChannelSetup] request queued, waiting 1 second before resend
[17:46:19] [Thread-7/INFO]: [gg.playit.control.ChannelSetup] send keep alive
[17:50:19] [Thread-7/INFO]: [gg.playit.control.ChannelSetup] send keep alive
[17:54:20] [Thread-7/INFO]: [gg.playit.control.ChannelSetup] send keep alive
[17:58:20] [Thread-7/INFO]: [gg.playit.control.ChannelSetup] send keep alive
[18:02:20] [Thread-7/INFO]: [gg.playit.control.ChannelSetup] send keep alive
[18:06:21] [Thread-7/INFO]: [gg.playit.control.ChannelSetup] send keep alive
[18:10:21] [Thread-7/INFO]: [gg.playit.control.ChannelSetup] send keep alive
